<?xml version="1.0" encoding="UTF-8"?>
<!-- Generated by org.testng.reporters.JUnitXMLReporter -->
<testsuite ignored="2" hostname="LAPTOP-FS6UVJRH" failures="1" tests="3" name="End to End Test" time="26.091" errors="0" timestamp="2023-08-08T17:55:44 PST">
  <testcase classname="com.mystore.testcases.LoginPageTest" name="loginTest" time="8.611">
    <failure type="java.lang.AssertionError" message="expected [https://magento.softwaretestingboard.com/1] but found [https://magento.softwaretestingboard.com/]">
      <![CDATA[java.lang.AssertionError: expected [https://magento.softwaretestingboard.com/1] but found [https://magento.softwaretestingboard.com/]
at com.mystore.testcases.LoginPageTest.loginTest(LoginPageTest.java:43)
at java.base/java.util.ArrayList.forEach(ArrayList.java:1511)
... Removed 31 stack frames]]>
    </failure>
  </testcase> <!-- loginTest -->
  <testcase classname="com.mystore.testcases.IndexPageTest" name="verifyLogo" time="0.075"/>
  <testcase classname="com.mystore.testcases.IndexPageTest" name="verifyTitle" time="0.025"/>
  <testcase classname="com.mystore.base.BaseClass" name="@BeforeSuite loadConfig" time="0.0">
    <ignored/>
  </testcase> <!-- @BeforeSuite loadConfig -->
  <testcase classname="com.mystore.base.BaseClass" name="@AfterSuite afterSuite" time="0.0">
    <ignored/>
  </testcase> <!-- @AfterSuite afterSuite -->
</testsuite> <!-- End to End Test -->
